C:\WORK\ATRIUM\CODE\CLIENT\BUILD\DEBUG\ASSETS.OBJ
C:\WORK\ATRIUM\CODE\CLIENT\BUILD\DEBUG\ATRIUM.OBJ
C:\WORK\ATRIUM\CODE\CLIENT\BUILD\DEBUG\DEBUG.OBJ
C:\WORK\ATRIUM\CODE\CLIENT\BUILD\DEBUG\MAIN.OBJ
C:\WORK\ATRIUM\CODE\CLIENT\BUILD\DEBUG\PARALLAX.OBJ
C:\WORK\ATRIUM\CODE\CLIENT\BUILD\DEBUG\PARALLAX_LAYER.OBJ
C:\WORK\ATRIUM\CODE\CLIENT\BUILD\DEBUG\PLAYER.OBJ
C:\WORK\ATRIUM\CODE\CLIENT\BUILD\DEBUG\WORLD.OBJ
C:\WORK\ATRIUM\CODE\CLIENT\BUILD\DEBUG\WORLD_ENTITY.OBJ
C:\WORK\ATRIUM\CODE\CLIENT\BUILD\DEBUG\VC110.PDB
C:\WORK\ATRIUM\CODE\CLIENT\DEPLOY\DEBUG\ATRIUMCLIENT.ILK
C:\WORK\ATRIUM\CODE\CLIENT\DEPLOY\DEBUG\ATRIUMCLIENT.EXE
C:\WORK\ATRIUM\CODE\CLIENT\DEPLOY\DEBUG\ATRIUMCLIENT.PDB
C:\Work\Atrium\code\Client\Build\Debug\assets.obj
C:\Work\Atrium\code\Client\Build\Debug\atrium.obj
C:\Work\Atrium\code\Client\Build\Debug\debug.obj
C:\Work\Atrium\code\Client\Build\Debug\main.obj
C:\Work\Atrium\code\Client\Build\Debug\parallax.obj
C:\Work\Atrium\code\Client\Build\Debug\parallax_layer.obj
C:\Work\Atrium\code\Client\Build\Debug\player.obj
C:\Work\Atrium\code\Client\Build\Debug\world.obj
C:\Work\Atrium\code\Client\Build\Debug\world_entity.obj
C:\Work\Atrium\code\Client\Build\Debug\cl.command.1.tlog
C:\Work\Atrium\code\Client\Build\Debug\CL.read.1.tlog
C:\Work\Atrium\code\Client\Build\Debug\CL.write.1.tlog
C:\Work\Atrium\code\Client\Build\Debug\link-cvtres.read.1.tlog
C:\Work\Atrium\code\Client\Build\Debug\link-cvtres.write.1.tlog
C:\Work\Atrium\code\Client\Build\Debug\link-rc.read.1.tlog
C:\Work\Atrium\code\Client\Build\Debug\link-rc.write.1.tlog
C:\Work\Atrium\code\Client\Build\Debug\link.3424-cvtres.read.1.tlog
C:\Work\Atrium\code\Client\Build\Debug\link.3424-cvtres.write.1.tlog
C:\Work\Atrium\code\Client\Build\Debug\link.3424-rc.read.1.tlog
C:\Work\Atrium\code\Client\Build\Debug\link.3424-rc.write.1.tlog
C:\Work\Atrium\code\Client\Build\Debug\link.3424.read.1.tlog
C:\Work\Atrium\code\Client\Build\Debug\link.3424.write.1.tlog
C:\Work\Atrium\code\Client\Build\Debug\link.6116-cvtres.read.1.tlog
C:\Work\Atrium\code\Client\Build\Debug\link.6116-cvtres.write.1.tlog
C:\Work\Atrium\code\Client\Build\Debug\link.6116-rc.read.1.tlog
C:\Work\Atrium\code\Client\Build\Debug\link.6116-rc.write.1.tlog
C:\Work\Atrium\code\Client\Build\Debug\link.6116.read.1.tlog
C:\Work\Atrium\code\Client\Build\Debug\link.6116.write.1.tlog
C:\Work\Atrium\code\Client\Build\Debug\link.command.1.tlog
C:\Work\Atrium\code\Client\Build\Debug\link.read.1.tlog
C:\Work\Atrium\code\Client\Build\Debug\link.write.1.tlog
C:\Work\Atrium\code\Client\Build\Debug\vc110.idb
C:\Work\Atrium\code\Client\Build\Debug\vc110.pdb
C:\Work\Atrium\code\Client\\Deploy\Debug\AtriumClient.pdb
C:\Work\Atrium\code\Client\\Deploy\Debug\AtriumClient.exe
C:\Work\Atrium\code\Client\\Deploy\Debug\AtriumClient.ilk
