C:\WORK\CEREBRALFIX\GGJ2013\TRUNK\CODE\SERVER\ATRIUMSERVER\ATRIUMSERVER\RELEASE\USER.OBJ
C:\WORK\CEREBRALFIX\GGJ2013\TRUNK\CODE\SERVER\ATRIUMSERVER\ATRIUMSERVER\RELEASE\MAIN.OBJ
C:\WORK\CEREBRALFIX\GGJ2013\TRUNK\CODE\SERVER\ATRIUMSERVER\ATRIUMSERVER\RELEASE\ATRIUM.OBJ
C:\WORK\CEREBRALFIX\GGJ2013\TRUNK\CODE\SERVER\ATRIUMSERVER\ATRIUMSERVER\RELEASE\VC110.PDB
C:\WORK\CEREBRALFIX\GGJ2013\TRUNK\CODE\SERVER\ATRIUMSERVER\RELEASE\ATRIUMSERVER.EXE
C:\WORK\CEREBRALFIX\GGJ2013\TRUNK\CODE\SERVER\ATRIUMSERVER\RELEASE\ATRIUMSERVER.PDB
C:\Work\CerebralFix\GGJ2013\trunk\code\Server\AtriumServer\AtriumServer\Release\Atrium.obj
C:\Work\CerebralFix\GGJ2013\trunk\code\Server\AtriumServer\AtriumServer\Release\Main.obj
C:\Work\CerebralFix\GGJ2013\trunk\code\Server\AtriumServer\AtriumServer\Release\User.obj
C:\Work\CerebralFix\GGJ2013\trunk\code\Server\AtriumServer\AtriumServer\Release\cl.command.1.tlog
C:\Work\CerebralFix\GGJ2013\trunk\code\Server\AtriumServer\AtriumServer\Release\CL.read.1.tlog
C:\Work\CerebralFix\GGJ2013\trunk\code\Server\AtriumServer\AtriumServer\Release\CL.write.1.tlog
C:\Work\CerebralFix\GGJ2013\trunk\code\Server\AtriumServer\AtriumServer\Release\link-cvtres.read.1.tlog
C:\Work\CerebralFix\GGJ2013\trunk\code\Server\AtriumServer\AtriumServer\Release\link-cvtres.write.1.tlog
C:\Work\CerebralFix\GGJ2013\trunk\code\Server\AtriumServer\AtriumServer\Release\link-rc.read.1.tlog
C:\Work\CerebralFix\GGJ2013\trunk\code\Server\AtriumServer\AtriumServer\Release\link-rc.write.1.tlog
C:\Work\CerebralFix\GGJ2013\trunk\code\Server\AtriumServer\AtriumServer\Release\link.command.1.tlog
C:\Work\CerebralFix\GGJ2013\trunk\code\Server\AtriumServer\AtriumServer\Release\link.read.1.tlog
C:\Work\CerebralFix\GGJ2013\trunk\code\Server\AtriumServer\AtriumServer\Release\link.write.1.tlog
C:\Work\CerebralFix\GGJ2013\trunk\code\Server\AtriumServer\AtriumServer\Release\vc110.pdb
C:\Work\CerebralFix\GGJ2013\trunk\code\Server\AtriumServer\Release\AtriumServer.pdb
