Build started 27/01/2013 5:23:25 p.m..
     1>Project "C:\Work\CerebralFix\GGJ2013\trunk\code\Server\AtriumServer\AtriumServer\AtriumServer.vcxproj" on node 2 (Rebuild target(s)).
     1>ClCompile:
         C:\Program Files (x86)\Microsoft Visual Studio 11.0\VC\bin\CL.exe /c /I..\..\..\Common /I..\..\..\RakNet\Source /Zi /nologo /W3 /WX- /sdl /O2 /Oi /Oy- /GL /D WIN32 /D NDEBUG /D _CONSOLE /D _UNICODE /D UNICODE /Gm- /EHsc /MT /GS /Gy /fp:precise /Zc:wchar_t /Zc:forScope /Fo"Release\\" /Fd"Release\vc110.pdb" /Gd /TP /analyze- /errorReport:prompt Atrium.cpp Main.cpp User.cpp
         Atrium.cpp
         Main.cpp
         User.cpp
       Link:
         C:\Program Files (x86)\Microsoft Visual Studio 11.0\VC\bin\link.exe /ERRORREPORT:PROMPT /OUT:"C:\Work\CerebralFix\GGJ2013\trunk\code\Server\AtriumServer\Release\AtriumServer.exe" /INCREMENTAL:NO /NOLOGO /LIBPATH:..\..\..\RakNet\Lib RakNet_LibStatic_Release_Win32.lib winmm.lib ws2_32.lib kernel32.lib user32.lib gdi32.lib winspool.lib comdlg32.lib advapi32.lib shell32.lib ole32.lib oleaut32.lib uuid.lib odbc32.lib odbccp32.lib /MANIFEST /MANIFESTUAC:"level='asInvoker' uiAccess='false'" /manifest:embed /DEBUG /PDB:"C:\Work\CerebralFix\GGJ2013\trunk\code\Server\AtriumServer\Release\AtriumServer.pdb" /SUBSYSTEM:CONSOLE /OPT:REF /OPT:ICF /LTCG /TLBID:1 /DYNAMICBASE /NXCOMPAT /IMPLIB:"C:\Work\CerebralFix\GGJ2013\trunk\code\Server\AtriumServer\Release\AtriumServer.lib" /MACHINE:X86 /SAFESEH Release\Atrium.obj
         Release\Main.obj
         Release\User.obj
         Generating code
         Finished generating code
     1>RakNet_LibStatic_Release_Win32.lib(BitStream.obj) : warning LNK4099: PDB 'raknet_libstatic_release_win32.pdb' was not found with 'RakNet_LibStatic_Release_Win32.lib(BitStream.obj)' or at 'C:\Work\CerebralFix\GGJ2013\trunk\code\Server\AtriumServer\Release\raknet_libstatic_release_win32.pdb'; linking object as if no debug info
     1>RakNet_LibStatic_Release_Win32.lib(CCRakNetSlidingWindow.obj) : warning LNK4099: PDB 'raknet_libstatic_release_win32.pdb' was not found with 'RakNet_LibStatic_Release_Win32.lib(CCRakNetSlidingWindow.obj)' or at 'C:\Work\CerebralFix\GGJ2013\trunk\code\Server\AtriumServer\Release\raknet_libstatic_release_win32.pdb'; linking object as if no debug info
     1>RakNet_LibStatic_Release_Win32.lib(DS_ByteQueue.obj) : warning LNK4099: PDB 'raknet_libstatic_release_win32.pdb' was not found with 'RakNet_LibStatic_Release_Win32.lib(DS_ByteQueue.obj)' or at 'C:\Work\CerebralFix\GGJ2013\trunk\code\Server\AtriumServer\Release\raknet_libstatic_release_win32.pdb'; linking object as if no debug info
     1>RakNet_LibStatic_Release_Win32.lib(DS_HuffmanEncodingTree.obj) : warning LNK4099: PDB 'raknet_libstatic_release_win32.pdb' was not found with 'RakNet_LibStatic_Release_Win32.lib(DS_HuffmanEncodingTree.obj)' or at 'C:\Work\CerebralFix\GGJ2013\trunk\code\Server\AtriumServer\Release\raknet_libstatic_release_win32.pdb'; linking object as if no debug info
     1>RakNet_LibStatic_Release_Win32.lib(GetTime.obj) : warning LNK4099: PDB 'raknet_libstatic_release_win32.pdb' was not found with 'RakNet_LibStatic_Release_Win32.lib(GetTime.obj)' or at 'C:\Work\CerebralFix\GGJ2013\trunk\code\Server\AtriumServer\Release\raknet_libstatic_release_win32.pdb'; linking object as if no debug info
     1>RakNet_LibStatic_Release_Win32.lib(Itoa.obj) : warning LNK4099: PDB 'raknet_libstatic_release_win32.pdb' was not found with 'RakNet_LibStatic_Release_Win32.lib(Itoa.obj)' or at 'C:\Work\CerebralFix\GGJ2013\trunk\code\Server\AtriumServer\Release\raknet_libstatic_release_win32.pdb'; linking object as if no debug info
     1>RakNet_LibStatic_Release_Win32.lib(LocklessTypes.obj) : warning LNK4099: PDB 'raknet_libstatic_release_win32.pdb' was not found with 'RakNet_LibStatic_Release_Win32.lib(LocklessTypes.obj)' or at 'C:\Work\CerebralFix\GGJ2013\trunk\code\Server\AtriumServer\Release\raknet_libstatic_release_win32.pdb'; linking object as if no debug info
     1>RakNet_LibStatic_Release_Win32.lib(PluginInterface2.obj) : warning LNK4099: PDB 'raknet_libstatic_release_win32.pdb' was not found with 'RakNet_LibStatic_Release_Win32.lib(PluginInterface2.obj)' or at 'C:\Work\CerebralFix\GGJ2013\trunk\code\Server\AtriumServer\Release\raknet_libstatic_release_win32.pdb'; linking object as if no debug info
     1>RakNet_LibStatic_Release_Win32.lib(RakMemoryOverride.obj) : warning LNK4099: PDB 'raknet_libstatic_release_win32.pdb' was not found with 'RakNet_LibStatic_Release_Win32.lib(RakMemoryOverride.obj)' or at 'C:\Work\CerebralFix\GGJ2013\trunk\code\Server\AtriumServer\Release\raknet_libstatic_release_win32.pdb'; linking object as if no debug info
     1>RakNet_LibStatic_Release_Win32.lib(RakNetSocket2.obj) : warning LNK4099: PDB 'raknet_libstatic_release_win32.pdb' was not found with 'RakNet_LibStatic_Release_Win32.lib(RakNetSocket2.obj)' or at 'C:\Work\CerebralFix\GGJ2013\trunk\code\Server\AtriumServer\Release\raknet_libstatic_release_win32.pdb'; linking object as if no debug info
     1>RakNet_LibStatic_Release_Win32.lib(RakNetTypes.obj) : warning LNK4099: PDB 'raknet_libstatic_release_win32.pdb' was not found with 'RakNet_LibStatic_Release_Win32.lib(RakNetTypes.obj)' or at 'C:\Work\CerebralFix\GGJ2013\trunk\code\Server\AtriumServer\Release\raknet_libstatic_release_win32.pdb'; linking object as if no debug info
     1>RakNet_LibStatic_Release_Win32.lib(RakPeer.obj) : warning LNK4099: PDB 'raknet_libstatic_release_win32.pdb' was not found with 'RakNet_LibStatic_Release_Win32.lib(RakPeer.obj)' or at 'C:\Work\CerebralFix\GGJ2013\trunk\code\Server\AtriumServer\Release\raknet_libstatic_release_win32.pdb'; linking object as if no debug info
     1>RakNet_LibStatic_Release_Win32.lib(RakSleep.obj) : warning LNK4099: PDB 'raknet_libstatic_release_win32.pdb' was not found with 'RakNet_LibStatic_Release_Win32.lib(RakSleep.obj)' or at 'C:\Work\CerebralFix\GGJ2013\trunk\code\Server\AtriumServer\Release\raknet_libstatic_release_win32.pdb'; linking object as if no debug info
     1>RakNet_LibStatic_Release_Win32.lib(RakString.obj) : warning LNK4099: PDB 'raknet_libstatic_release_win32.pdb' was not found with 'RakNet_LibStatic_Release_Win32.lib(RakString.obj)' or at 'C:\Work\CerebralFix\GGJ2013\trunk\code\Server\AtriumServer\Release\raknet_libstatic_release_win32.pdb'; linking object as if no debug info
     1>RakNet_LibStatic_Release_Win32.lib(RakThread.obj) : warning LNK4099: PDB 'raknet_libstatic_release_win32.pdb' was not found with 'RakNet_LibStatic_Release_Win32.lib(RakThread.obj)' or at 'C:\Work\CerebralFix\GGJ2013\trunk\code\Server\AtriumServer\Release\raknet_libstatic_release_win32.pdb'; linking object as if no debug info
     1>RakNet_LibStatic_Release_Win32.lib(Rand.obj) : warning LNK4099: PDB 'raknet_libstatic_release_win32.pdb' was not found with 'RakNet_LibStatic_Release_Win32.lib(Rand.obj)' or at 'C:\Work\CerebralFix\GGJ2013\trunk\code\Server\AtriumServer\Release\raknet_libstatic_release_win32.pdb'; linking object as if no debug info
     1>RakNet_LibStatic_Release_Win32.lib(ReliabilityLayer.obj) : warning LNK4099: PDB 'raknet_libstatic_release_win32.pdb' was not found with 'RakNet_LibStatic_Release_Win32.lib(ReliabilityLayer.obj)' or at 'C:\Work\CerebralFix\GGJ2013\trunk\code\Server\AtriumServer\Release\raknet_libstatic_release_win32.pdb'; linking object as if no debug info
     1>RakNet_LibStatic_Release_Win32.lib(SHA1.obj) : warning LNK4099: PDB 'raknet_libstatic_release_win32.pdb' was not found with 'RakNet_LibStatic_Release_Win32.lib(SHA1.obj)' or at 'C:\Work\CerebralFix\GGJ2013\trunk\code\Server\AtriumServer\Release\raknet_libstatic_release_win32.pdb'; linking object as if no debug info
     1>RakNet_LibStatic_Release_Win32.lib(SignaledEvent.obj) : warning LNK4099: PDB 'raknet_libstatic_release_win32.pdb' was not found with 'RakNet_LibStatic_Release_Win32.lib(SignaledEvent.obj)' or at 'C:\Work\CerebralFix\GGJ2013\trunk\code\Server\AtriumServer\Release\raknet_libstatic_release_win32.pdb'; linking object as if no debug info
     1>RakNet_LibStatic_Release_Win32.lib(SimpleMutex.obj) : warning LNK4099: PDB 'raknet_libstatic_release_win32.pdb' was not found with 'RakNet_LibStatic_Release_Win32.lib(SimpleMutex.obj)' or at 'C:\Work\CerebralFix\GGJ2013\trunk\code\Server\AtriumServer\Release\raknet_libstatic_release_win32.pdb'; linking object as if no debug info
     1>RakNet_LibStatic_Release_Win32.lib(SocketLayer.obj) : warning LNK4099: PDB 'raknet_libstatic_release_win32.pdb' was not found with 'RakNet_LibStatic_Release_Win32.lib(SocketLayer.obj)' or at 'C:\Work\CerebralFix\GGJ2013\trunk\code\Server\AtriumServer\Release\raknet_libstatic_release_win32.pdb'; linking object as if no debug info
     1>RakNet_LibStatic_Release_Win32.lib(StringCompressor.obj) : warning LNK4099: PDB 'raknet_libstatic_release_win32.pdb' was not found with 'RakNet_LibStatic_Release_Win32.lib(StringCompressor.obj)' or at 'C:\Work\CerebralFix\GGJ2013\trunk\code\Server\AtriumServer\Release\raknet_libstatic_release_win32.pdb'; linking object as if no debug info
     1>RakNet_LibStatic_Release_Win32.lib(StringTable.obj) : warning LNK4099: PDB 'raknet_libstatic_release_win32.pdb' was not found with 'RakNet_LibStatic_Release_Win32.lib(StringTable.obj)' or at 'C:\Work\CerebralFix\GGJ2013\trunk\code\Server\AtriumServer\Release\raknet_libstatic_release_win32.pdb'; linking object as if no debug info
     1>RakNet_LibStatic_Release_Win32.lib(SuperFastHash.obj) : warning LNK4099: PDB 'raknet_libstatic_release_win32.pdb' was not found with 'RakNet_LibStatic_Release_Win32.lib(SuperFastHash.obj)' or at 'C:\Work\CerebralFix\GGJ2013\trunk\code\Server\AtriumServer\Release\raknet_libstatic_release_win32.pdb'; linking object as if no debug info
     1>RakNet_LibStatic_Release_Win32.lib(TCPInterface.obj) : warning LNK4099: PDB 'raknet_libstatic_release_win32.pdb' was not found with 'RakNet_LibStatic_Release_Win32.lib(TCPInterface.obj)' or at 'C:\Work\CerebralFix\GGJ2013\trunk\code\Server\AtriumServer\Release\raknet_libstatic_release_win32.pdb'; linking object as if no debug info
     1>RakNet_LibStatic_Release_Win32.lib(WSAStartupSingleton.obj) : warning LNK4099: PDB 'raknet_libstatic_release_win32.pdb' was not found with 'RakNet_LibStatic_Release_Win32.lib(WSAStartupSingleton.obj)' or at 'C:\Work\CerebralFix\GGJ2013\trunk\code\Server\AtriumServer\Release\raknet_libstatic_release_win32.pdb'; linking object as if no debug info
         AtriumServer.vcxproj -> C:\Work\CerebralFix\GGJ2013\trunk\code\Server\AtriumServer\Release\AtriumServer.exe
     1>Done Building Project "C:\Work\CerebralFix\GGJ2013\trunk\code\Server\AtriumServer\AtriumServer\AtriumServer.vcxproj" (Rebuild target(s)).

Build succeeded.

Time Elapsed 00:00:03.55
